<?xml version="1.0" encoding="UTF-8"?>
<testsuite name="org.taeil.springboot.web.HelloControllerTest" tests="2" skipped="0" failures="0" errors="0" timestamp="2020-01-04T15:25:27" hostname="TI-PC" time="0.563">
  <properties/>
  <testcase name="hello가_리턴된다" classname="org.taeil.springboot.web.HelloControllerTest" time="0.439"/>
  <testcase name="helloDto가_리턴된다" classname="org.taeil.springboot.web.HelloControllerTest" time="0.122"/>
  <system-out><![CDATA[00:25:22.359 [Test worker] DEBUG org.springframework.test.context.junit4.SpringJUnit4ClassRunner - SpringJUnit4ClassRunner constructor called with [class org.taeil.springboot.web.HelloControllerTest]
00:25:22.372 [Test worker] DEBUG org.springframework.test.context.BootstrapUtils - Instantiating CacheAwareContextLoaderDelegate from class [org.springframework.test.context.cache.DefaultCacheAwareContextLoaderDelegate]
00:25:22.390 [Test worker] DEBUG org.springframework.test.context.BootstrapUtils - Instantiating BootstrapContext using constructor [public org.springframework.test.context.support.DefaultBootstrapContext(java.lang.Class,org.springframework.test.context.CacheAwareContextLoaderDelegate)]
00:25:22.421 [Test worker] DEBUG org.springframework.test.context.BootstrapUtils - Instantiating TestContextBootstrapper for test class [org.taeil.springboot.web.HelloControllerTest] from class [org.springframework.boot.test.autoconfigure.web.servlet.WebMvcTestContextBootstrapper]
00:25:22.462 [Test worker] INFO org.springframework.boot.test.autoconfigure.web.servlet.WebMvcTestContextBootstrapper - Neither @ContextConfiguration nor @ContextHierarchy found for test class [org.taeil.springboot.web.HelloControllerTest], using SpringBootContextLoader
00:25:22.469 [Test worker] DEBUG org.springframework.test.context.support.AbstractContextLoader - Did not detect default resource location for test class [org.taeil.springboot.web.HelloControllerTest]: class path resource [org/taeil/springboot/web/HelloControllerTest-context.xml] does not exist
00:25:22.470 [Test worker] DEBUG org.springframework.test.context.support.AbstractContextLoader - Did not detect default resource location for test class [org.taeil.springboot.web.HelloControllerTest]: class path resource [org/taeil/springboot/web/HelloControllerTestContext.groovy] does not exist
00:25:22.470 [Test worker] INFO org.springframework.test.context.support.AbstractContextLoader - Could not detect default resource locations for test class [org.taeil.springboot.web.HelloControllerTest]: no resource found for suffixes {-context.xml, Context.groovy}.
00:25:22.471 [Test worker] INFO org.springframework.test.context.support.AnnotationConfigContextLoaderUtils - Could not detect default configuration classes for test class [org.taeil.springboot.web.HelloControllerTest]: HelloControllerTest does not declare any static, non-private, non-final, nested classes annotated with @Configuration.
00:25:22.591 [Test worker] DEBUG org.springframework.test.context.support.ActiveProfilesUtils - Could not find an 'annotation declaring class' for annotation type [org.springframework.test.context.ActiveProfiles] and class [org.taeil.springboot.web.HelloControllerTest]
00:25:22.693 [Test worker] DEBUG org.springframework.context.annotation.ClassPathScanningCandidateComponentProvider - Identified candidate component class: file [C:\Users\TI\IdeaProjects\taeil-webservice\build\classes\java\main\org\taeil\springboot\Application.class]
00:25:22.699 [Test worker] INFO org.springframework.boot.test.context.SpringBootTestContextBootstrapper - Found @SpringBootConfiguration org.taeil.springboot.Application for test class org.taeil.springboot.web.HelloControllerTest
00:25:22.701 [Test worker] DEBUG org.springframework.boot.test.autoconfigure.web.servlet.WebMvcTestContextBootstrapper - @TestExecutionListeners is not present for class [org.taeil.springboot.web.HelloControllerTest]: using defaults.
00:25:22.703 [Test worker] INFO org.springframework.boot.test.autoconfigure.web.servlet.WebMvcTestContextBootstrapper - Loaded default TestExecutionListener class names from location [META-INF/spring.factories]: [org.springframework.security.test.context.support.WithSecurityContextTestExecutionListener, org.springframework.security.test.context.support.ReactorContextTestExecutionListener, org.springframework.boot.test.autoconfigure.restdocs.RestDocsTestExecutionListener, org.springframework.boot.test.autoconfigure.web.client.MockRestServiceServerResetTestExecutionListener, org.springframework.boot.test.autoconfigure.web.servlet.MockMvcPrintOnlyOnFailureTestExecutionListener, org.springframework.boot.test.autoconfigure.web.servlet.WebDriverTestExecutionListener, org.springframework.boot.test.mock.mockito.MockitoTestExecutionListener, org.springframework.boot.test.mock.mockito.ResetMocksTestExecutionListener, org.springframework.test.context.web.ServletTestExecutionListener, org.springframework.test.context.support.DirtiesContextBeforeModesTestExecutionListener, org.springframework.test.context.support.DependencyInjectionTestExecutionListener, org.springframework.test.context.support.DirtiesContextTestExecutionListener, org.springframework.test.context.transaction.TransactionalTestExecutionListener, org.springframework.test.context.jdbc.SqlScriptsTestExecutionListener]
00:25:22.736 [Test worker] INFO org.springframework.boot.test.autoconfigure.web.servlet.WebMvcTestContextBootstrapper - Using TestExecutionListeners: [org.springframework.test.context.web.ServletTestExecutionListener@6ae928bf, org.springframework.test.context.support.DirtiesContextBeforeModesTestExecutionListener@6104410c, org.springframework.boot.test.mock.mockito.MockitoTestExecutionListener@3335ca3b, org.springframework.boot.test.autoconfigure.SpringBootDependencyInjectionTestExecutionListener@1dcb362f, org.springframework.test.context.support.DirtiesContextTestExecutionListener@3ec459f9, org.springframework.test.context.transaction.TransactionalTestExecutionListener@7d0b730c, org.springframework.test.context.jdbc.SqlScriptsTestExecutionListener@60f21a84, org.springframework.security.test.context.support.WithSecurityContextTestExecutionListener@244c22fb, org.springframework.security.test.context.support.ReactorContextTestExecutionListener@385bac1a, org.springframework.boot.test.autoconfigure.restdocs.RestDocsTestExecutionListener@1e6e3b0e, org.springframework.boot.test.autoconfigure.web.client.MockRestServiceServerResetTestExecutionListener@6eb8247d, org.springframework.boot.test.autoconfigure.web.servlet.MockMvcPrintOnlyOnFailureTestExecutionListener@2b2698ab, org.springframework.boot.test.autoconfigure.web.servlet.WebDriverTestExecutionListener@4e78daa9, org.springframework.boot.test.mock.mockito.ResetMocksTestExecutionListener@21a12e23]
00:25:22.740 [Test worker] DEBUG org.springframework.test.annotation.ProfileValueUtils - Retrieved @ProfileValueSourceConfiguration [null] for test class [org.taeil.springboot.web.HelloControllerTest]
00:25:22.741 [Test worker] DEBUG org.springframework.test.annotation.ProfileValueUtils - Retrieved ProfileValueSource type [class org.springframework.test.annotation.SystemProfileValueSource] for class [org.taeil.springboot.web.HelloControllerTest]
00:25:22.742 [Test worker] DEBUG org.springframework.test.annotation.ProfileValueUtils - Retrieved @ProfileValueSourceConfiguration [null] for test class [org.taeil.springboot.web.HelloControllerTest]
00:25:22.743 [Test worker] DEBUG org.springframework.test.annotation.ProfileValueUtils - Retrieved ProfileValueSource type [class org.springframework.test.annotation.SystemProfileValueSource] for class [org.taeil.springboot.web.HelloControllerTest]
00:25:22.748 [Test worker] DEBUG org.springframework.test.context.support.AbstractDirtiesContextTestExecutionListener - Before test class: context [DefaultTestContext@31842695 testClass = HelloControllerTest, testInstance = [null], testMethod = [null], testException = [null], mergedContextConfiguration = [WebMergedContextConfiguration@23113293 testClass = HelloControllerTest, locations = '{}', classes = '{class org.taeil.springboot.Application}', contextInitializerClasses = '[]', activeProfiles = '{}', propertySourceLocations = '{}', propertySourceProperties = '{org.springframework.boot.test.autoconfigure.web.servlet.WebMvcTestContextBootstrapper=true}', contextCustomizers = set[org.springframework.boot.test.autoconfigure.OverrideAutoConfigurationContextCustomizerFactory$DisableAutoConfigurationContextCustomizer@150b325d, org.springframework.boot.test.autoconfigure.filter.TypeExcludeFiltersContextCustomizer@c50b39a6, org.springframework.boot.test.autoconfigure.properties.PropertyMappingContextCustomizer@df1cd016, org.springframework.boot.test.autoconfigure.web.servlet.WebDriverContextCustomizerFactory$Customizer@702c7b35, [ImportsContextCustomizer@159728f key = [org.springframework.boot.autoconfigure.cache.CacheAutoConfiguration, org.springframework.boot.autoconfigure.context.MessageSourceAutoConfiguration, org.springframework.boot.autoconfigure.data.web.SpringDataWebAutoConfiguration, org.springframework.boot.autoconfigure.freemarker.FreeMarkerAutoConfiguration, org.springframework.boot.autoconfigure.groovy.template.GroovyTemplateAutoConfiguration, org.springframework.boot.autoconfigure.gson.GsonAutoConfiguration, org.springframework.boot.autoconfigure.hateoas.HypermediaAutoConfiguration, org.springframework.boot.autoconfigure.http.HttpMessageConvertersAutoConfiguration, org.springframework.boot.autoconfigure.jackson.JacksonAutoConfiguration, org.springframework.boot.autoconfigure.jsonb.JsonbAutoConfiguration, org.springframework.boot.autoconfigure.mustache.MustacheAutoConfiguration, org.springframework.boot.autoconfigure.task.TaskExecutionAutoConfiguration, org.springframework.boot.autoconfigure.thymeleaf.ThymeleafAutoConfiguration, org.springframework.boot.autoconfigure.validation.ValidationAutoConfiguration, org.springframework.boot.autoconfigure.web.servlet.error.ErrorMvcAutoConfiguration, org.springframework.boot.autoconfigure.web.servlet.WebMvcAutoConfiguration, org.springframework.boot.test.autoconfigure.web.servlet.MockMvcAutoConfiguration, org.springframework.boot.test.autoconfigure.web.servlet.MockMvcSecurityAutoConfiguration, org.springframework.boot.test.autoconfigure.web.servlet.MockMvcWebClientAutoConfiguration, org.springframework.boot.test.autoconfigure.web.servlet.MockMvcWebDriverAutoConfiguration]], org.springframework.boot.test.context.filter.ExcludeFilterContextCustomizer@1fe44051, org.springframework.boot.test.json.DuplicateJsonObjectContextCustomizerFactory$DuplicateJsonObjectContextCustomizer@56221a95, org.springframework.boot.test.mock.mockito.MockitoContextCustomizer@0], resourceBasePath = 'src/main/webapp', contextLoader = 'org.springframework.boot.test.context.SpringBootContextLoader', parent = [null]], attributes = map[[empty]]], class annotated with @DirtiesContext [false] with mode [null].
00:25:22.750 [Test worker] DEBUG org.springframework.test.annotation.ProfileValueUtils - Retrieved @ProfileValueSourceConfiguration [null] for test class [org.taeil.springboot.web.HelloControllerTest]
00:25:22.750 [Test worker] DEBUG org.springframework.test.annotation.ProfileValueUtils - Retrieved ProfileValueSource type [class org.springframework.test.annotation.SystemProfileValueSource] for class [org.taeil.springboot.web.HelloControllerTest]
00:25:22.756 [Test worker] DEBUG org.springframework.test.context.support.DependencyInjectionTestExecutionListener - Performing dependency injection for test context [[DefaultTestContext@31842695 testClass = HelloControllerTest, testInstance = org.taeil.springboot.web.HelloControllerTest@22e7646b, testMethod = [null], testException = [null], mergedContextConfiguration = [WebMergedContextConfiguration@23113293 testClass = HelloControllerTest, locations = '{}', classes = '{class org.taeil.springboot.Application}', contextInitializerClasses = '[]', activeProfiles = '{}', propertySourceLocations = '{}', propertySourceProperties = '{org.springframework.boot.test.autoconfigure.web.servlet.WebMvcTestContextBootstrapper=true}', contextCustomizers = set[org.springframework.boot.test.autoconfigure.OverrideAutoConfigurationContextCustomizerFactory$DisableAutoConfigurationContextCustomizer@150b325d, org.springframework.boot.test.autoconfigure.filter.TypeExcludeFiltersContextCustomizer@c50b39a6, org.springframework.boot.test.autoconfigure.properties.PropertyMappingContextCustomizer@df1cd016, org.springframework.boot.test.autoconfigure.web.servlet.WebDriverContextCustomizerFactory$Customizer@702c7b35, [ImportsContextCustomizer@159728f key = [org.springframework.boot.autoconfigure.cache.CacheAutoConfiguration, org.springframework.boot.autoconfigure.context.MessageSourceAutoConfiguration, org.springframework.boot.autoconfigure.data.web.SpringDataWebAutoConfiguration, org.springframework.boot.autoconfigure.freemarker.FreeMarkerAutoConfiguration, org.springframework.boot.autoconfigure.groovy.template.GroovyTemplateAutoConfiguration, org.springframework.boot.autoconfigure.gson.GsonAutoConfiguration, org.springframework.boot.autoconfigure.hateoas.HypermediaAutoConfiguration, org.springframework.boot.autoconfigure.http.HttpMessageConvertersAutoConfiguration, org.springframework.boot.autoconfigure.jackson.JacksonAutoConfiguration, org.springframework.boot.autoconfigure.jsonb.JsonbAutoConfiguration, org.springframework.boot.autoconfigure.mustache.MustacheAutoConfiguration, org.springframework.boot.autoconfigure.task.TaskExecutionAutoConfiguration, org.springframework.boot.autoconfigure.thymeleaf.ThymeleafAutoConfiguration, org.springframework.boot.autoconfigure.validation.ValidationAutoConfiguration, org.springframework.boot.autoconfigure.web.servlet.error.ErrorMvcAutoConfiguration, org.springframework.boot.autoconfigure.web.servlet.WebMvcAutoConfiguration, org.springframework.boot.test.autoconfigure.web.servlet.MockMvcAutoConfiguration, org.springframework.boot.test.autoconfigure.web.servlet.MockMvcSecurityAutoConfiguration, org.springframework.boot.test.autoconfigure.web.servlet.MockMvcWebClientAutoConfiguration, org.springframework.boot.test.autoconfigure.web.servlet.MockMvcWebDriverAutoConfiguration]], org.springframework.boot.test.context.filter.ExcludeFilterContextCustomizer@1fe44051, org.springframework.boot.test.json.DuplicateJsonObjectContextCustomizerFactory$DuplicateJsonObjectContextCustomizer@56221a95, org.springframework.boot.test.mock.mockito.MockitoContextCustomizer@0], resourceBasePath = 'src/main/webapp', contextLoader = 'org.springframework.boot.test.context.SpringBootContextLoader', parent = [null]], attributes = map[[empty]]]].
00:25:22.945 [Test worker] DEBUG org.springframework.test.context.support.TestPropertySourceUtils - Adding inlined properties to environment: {spring.jmx.enabled=false, org.springframework.boot.test.autoconfigure.web.servlet.WebMvcTestContextBootstrapper=true, server.port=-1}

  .   ____          _            __ _ _
 /\\ / ___'_ __ _ _(_)_ __  __ _ \ \ \ \
( ( )\___ | '_ | '_| | '_ \/ _` | \ \ \ \
 \\/  ___)| |_)| | | | | || (_| |  ) ) ) )
  '  |____| .__|_| |_|_| |_\__, | / / / /
 =========|_|==============|___/=/_/_/_/
 :: Spring Boot ::        (v2.1.7.RELEASE)

2020-01-05 00:25:23.395  INFO 16968 --- [    Test worker] o.t.springboot.web.HelloControllerTest   : Starting HelloControllerTest on TI-PC with PID 16968 (started by TI in C:\Users\TI\IdeaProjects\taeil-webservice)
2020-01-05 00:25:23.413  INFO 16968 --- [    Test worker] o.t.springboot.web.HelloControllerTest   : No active profile set, falling back to default profiles: default
2020-01-05 00:25:25.774  INFO 16968 --- [    Test worker] o.s.s.concurrent.ThreadPoolTaskExecutor  : Initializing ExecutorService 'applicationTaskExecutor'
2020-01-05 00:25:25.902  INFO 16968 --- [    Test worker] o.s.b.a.w.s.WelcomePageHandlerMapping    : Adding welcome page template: index
2020-01-05 00:25:26.483  INFO 16968 --- [    Test worker] .s.s.UserDetailsServiceAutoConfiguration : 

Using generated security password: 59400826-ad4a-4b8a-b55e-3acdd381e5d3

2020-01-05 00:25:26.956  INFO 16968 --- [    Test worker] o.s.s.web.DefaultSecurityFilterChain     : Creating filter chain: any request, [org.springframework.security.web.context.request.async.WebAsyncManagerIntegrationFilter@33873ebc, org.springframework.security.web.context.SecurityContextPersistenceFilter@58824235, org.springframework.security.web.header.HeaderWriterFilter@54a60414, org.springframework.security.web.csrf.CsrfFilter@56472554, org.springframework.security.web.authentication.logout.LogoutFilter@3f89c7b1, org.springframework.security.web.authentication.UsernamePasswordAuthenticationFilter@14a25b6e, org.springframework.security.web.authentication.ui.DefaultLoginPageGeneratingFilter@222a77b9, org.springframework.security.web.authentication.ui.DefaultLogoutPageGeneratingFilter@509c4bc0, org.springframework.security.web.authentication.www.BasicAuthenticationFilter@2691485f, org.springframework.security.web.savedrequest.RequestCacheAwareFilter@625302ec, org.springframework.security.web.servletapi.SecurityContextHolderAwareRequestFilter@64020f07, org.springframework.security.web.authentication.AnonymousAuthenticationFilter@5162455b, org.springframework.security.web.session.SessionManagementFilter@2cef7a37, org.springframework.security.web.access.ExceptionTranslationFilter@15dcb385, org.springframework.security.web.access.intercept.FilterSecurityInterceptor@79fb7150]
2020-01-05 00:25:27.038  INFO 16968 --- [    Test worker] o.s.b.t.m.w.SpringBootMockServletContext : Initializing Spring TestDispatcherServlet ''
2020-01-05 00:25:27.038  INFO 16968 --- [    Test worker] o.s.t.web.servlet.TestDispatcherServlet  : Initializing Servlet ''
2020-01-05 00:25:27.066  INFO 16968 --- [    Test worker] o.s.t.web.servlet.TestDispatcherServlet  : Completed initialization in 28 ms
2020-01-05 00:25:27.156  INFO 16968 --- [    Test worker] o.t.springboot.web.HelloControllerTest   : Started HelloControllerTest in 4.2 seconds (JVM running for 6.198)
]]></system-out>
  <system-err><![CDATA[]]></system-err>
</testsuite>
