<?xml version="1.0" encoding="UTF-8"?>
<testsuite name="org.taeil.springboot.web.dto.HelloResponseDtoTest" tests="1" skipped="0" failures="0" errors="0" timestamp="2020-01-04T15:25:35" hostname="TI-PC" time="0.004">
  <properties/>
  <testcase name="롬복_기능_테스트" classname="org.taeil.springboot.web.dto.HelloResponseDtoTest" time="0.004"/>
  <system-out><![CDATA[]]></system-out>
  <system-err><![CDATA[]]></system-err>
</testsuite>
